# JRE version: OpenJDK Runtime Environment (11.0.13) (build 11.0.13+0-b1751.21-8125866)
# Java VM: OpenJDK 64-Bit Server VM (11.0.13+0-b1751.21-8125866, mixed mode, tiered, compressed oops, g1 gc, windows-amd64)
Heap:
 garbage-first heap   total 322560K, used 238490K [0x00000000a0000000, 0x0000000100000000)
  region size 1024K, 39 young (39936K), 1 survivors (1024K)
 Metaspace       used 105779K, capacity 112093K, committed 112336K, reserved 1146880K
  class space    used 13993K, capacity 15884K, committed 15904K, reserved 1048576K
GC Heap History (20 events):
Event: 41.414 GC heap before
{Heap before GC invocations=60 (full 0):
 garbage-first heap   total 225280K, used 181456K [0x00000000a0000000, 0x0000000100000000)
  region size 1024K, 29 young (29696K), 2 survivors (2048K)
 Metaspace       used 101932K, capacity 107856K, committed 107984K, reserved 1142784K
  class space    used 13518K, capacity 15270K, committed 15392K, reserved 1048576K
}
Event: 41.422 GC heap after
{Heap after GC invocations=61 (full 0):
 garbage-first heap   total 225280K, used 156362K [0x00000000a0000000, 0x0000000100000000)
  region size 1024K, 4 young (4096K), 4 survivors (4096K)
 Metaspace       used 101932K, capacity 107856K, committed 107984K, reserved 1142784K
  class space    used 13518K, capacity 15270K, committed 15392K, reserved 1048576K
}
Event: 41.930 GC heap before
{Heap before GC invocations=62 (full 0):
 garbage-first heap   total 225280K, used 184010K [0x00000000a0000000, 0x0000000100000000)
  region size 1024K, 31 young (31744K), 4 survivors (4096K)
 Metaspace       used 103104K, capacity 109055K, committed 109392K, reserved 1142784K
  class space    used 13655K, capacity 15405K, committed 15520K, reserved 1048576K
}
Event: 41.944 GC heap after
{Heap after GC invocations=63 (full 0):
 garbage-first heap   total 225280K, used 161821K [0x00000000a0000000, 0x0000000100000000)
  region size 1024K, 4 young (4096K), 4 survivors (4096K)
 Metaspace       used 103104K, capacity 109055K, committed 109392K, reserved 1142784K
  class space    used 13655K, capacity 15405K, committed 15520K, reserved 1048576K
}
Event: 42.305 GC heap before
{Heap before GC invocations=63 (full 0):
 garbage-first heap   total 225280K, used 187421K [0x00000000a0000000, 0x0000000100000000)
  region size 1024K, 29 young (29696K), 4 survivors (4096K)
 Metaspace       used 103356K, capacity 109292K, committed 109392K, reserved 1142784K
  class space    used 13669K, capacity 15420K, committed 15520K, reserved 1048576K
}
Event: 42.318 GC heap after
{Heap after GC invocations=64 (full 0):
 garbage-first heap   total 225280K, used 170183K [0x00000000a0000000, 0x0000000100000000)
  region size 1024K, 4 young (4096K), 4 survivors (4096K)
 Metaspace       used 103356K, capacity 109292K, committed 109392K, reserved 1142784K
  class space    used 13669K, capacity 15420K, committed 15520K, reserved 1048576K
}
Event: 42.630 GC heap before
{Heap before GC invocations=64 (full 0):
 garbage-first heap   total 225280K, used 189639K [0x00000000a0000000, 0x0000000100000000)
  region size 1024K, 23 young (23552K), 4 survivors (4096K)
 Metaspace       used 103554K, capacity 109544K, committed 109648K, reserved 1142784K
  class space    used 13691K, capacity 15435K, committed 15520K, reserved 1048576K
}
Event: 42.644 GC heap after
{Heap after GC invocations=65 (full 0):
 garbage-first heap   total 225280K, used 177003K [0x00000000a0000000, 0x0000000100000000)
  region size 1024K, 3 young (3072K), 3 survivors (3072K)
 Metaspace       used 103554K, capacity 109544K, committed 109648K, reserved 1142784K
  class space    used 13691K, capacity 15435K, committed 15520K, reserved 1048576K
}
Event: 42.802 GC heap before
{Heap before GC invocations=66 (full 0):
 garbage-first heap   total 225280K, used 191339K [0x00000000a0000000, 0x0000000100000000)
  region size 1024K, 17 young (17408K), 3 survivors (3072K)
 Metaspace       used 103616K, capacity 109614K, committed 109904K, reserved 1144832K
  class space    used 13691K, capacity 15436K, committed 15520K, reserved 1048576K
}
Event: 42.814 GC heap after
{Heap after GC invocations=67 (full 0):
 garbage-first heap   total 270336K, used 182592K [0x00000000a0000000, 0x0000000100000000)
  region size 1024K, 3 young (3072K), 3 survivors (3072K)
 Metaspace       used 103616K, capacity 109614K, committed 109904K, reserved 1144832K
  class space    used 13691K, capacity 15436K, committed 15520K, reserved 1048576K
}
Event: 43.163 GC heap before
{Heap before GC invocations=67 (full 0):
 garbage-first heap   total 270336K, used 210240K [0x00000000a0000000, 0x0000000100000000)
  region size 1024K, 30 young (30720K), 3 survivors (3072K)
 Metaspace       used 104334K, capacity 110438K, committed 110544K, reserved 1144832K
  class space    used 13787K, capacity 15593K, committed 15648K, reserved 1048576K
}
Event: 43.179 GC heap after
{Heap after GC invocations=68 (full 0):
 garbage-first heap   total 270336K, used 189440K [0x00000000a0000000, 0x0000000100000000)
  region size 1024K, 4 young (4096K), 4 survivors (4096K)
 Metaspace       used 104334K, capacity 110438K, committed 110544K, reserved 1144832K
  class space    used 13787K, capacity 15593K, committed 15648K, reserved 1048576K
}
Event: 43.501 GC heap before
{Heap before GC invocations=68 (full 0):
 garbage-first heap   total 270336K, used 216064K [0x00000000a0000000, 0x0000000100000000)
  region size 1024K, 30 young (30720K), 4 survivors (4096K)
 Metaspace       used 104848K, capacity 111073K, committed 111184K, reserved 1144832K
  class space    used 13869K, capacity 15712K, committed 15776K, reserved 1048576K
}
Event: 43.511 GC heap after
{Heap after GC invocations=69 (full 0):
 garbage-first heap   total 270336K, used 193802K [0x00000000a0000000, 0x0000000100000000)
  region size 1024K, 4 young (4096K), 4 survivors (4096K)
 Metaspace       used 104848K, capacity 111073K, committed 111184K, reserved 1144832K
  class space    used 13869K, capacity 15712K, committed 15776K, reserved 1048576K
}
Event: 43.806 GC heap before
{Heap before GC invocations=70 (full 0):
 garbage-first heap   total 270336K, used 212234K [0x00000000a0000000, 0x0000000100000000)
  region size 1024K, 24 young (24576K), 4 survivors (4096K)
 Metaspace       used 105418K, capacity 111693K, committed 111824K, reserved 1144832K
  class space    used 13949K, capacity 15821K, committed 15904K, reserved 1048576K
}
Event: 43.819 GC heap after
{Heap after GC invocations=71 (full 0):
 garbage-first heap   total 270336K, used 198063K [0x00000000a0000000, 0x0000000100000000)
  region size 1024K, 4 young (4096K), 4 survivors (4096K)
 Metaspace       used 105418K, capacity 111693K, committed 111824K, reserved 1144832K
  class space    used 13949K, capacity 15821K, committed 15904K, reserved 1048576K
}
Event: 44.556 GC heap before
{Heap before GC invocations=72 (full 0):
 garbage-first heap   total 270336K, used 223663K [0x00000000a0000000, 0x0000000100000000)
  region size 1024K, 27 young (27648K), 4 survivors (4096K)
 Metaspace       used 105562K, capacity 111911K, committed 112080K, reserved 1144832K
  class space    used 13969K, capacity 15872K, committed 15904K, reserved 1048576K
}
Event: 44.572 GC heap after
{Heap after GC invocations=73 (full 0):
 garbage-first heap   total 322560K, used 199777K [0x00000000a0000000, 0x0000000100000000)
  region size 1024K, 3 young (3072K), 3 survivors (3072K)
 Metaspace       used 105562K, capacity 111911K, committed 112080K, reserved 1144832K
  class space    used 13969K, capacity 15872K, committed 15904K, reserved 1048576K
}
Event: 45.590 GC heap before
{Heap before GC invocations=73 (full 0):
 garbage-first heap   total 322560K, used 211041K [0x00000000a0000000, 0x0000000100000000)
  region size 1024K, 15 young (15360K), 3 survivors (3072K)
 Metaspace       used 105564K, capacity 111911K, committed 112080K, reserved 1144832K
  class space    used 13969K, capacity 15872K, committed 15904K, reserved 1048576K
}
Event: 45.595 GC heap after
{Heap after GC invocations=74 (full 0):
 garbage-first heap   total 322560K, used 200602K [0x00000000a0000000, 0x0000000100000000)
  region size 1024K, 1 young (1024K), 1 survivors (1024K)
 Metaspace       used 105564K, capacity 111911K, committed 112080K, reserved 1144832K
  class space    used 13969K, capacity 15872K, committed 15904K, reserved 1048576K
}

